# JRE version: Java(TM) SE Runtime Environment (8.0_131-b11) (build 1.8.0_131-b11)
# Java VM: Java HotSpot(TM) 64-Bit Server VM (25.131-b11 mixed mode windows-amd64 compressed oops)
Heap:
 PSYoungGen      total 260096K, used 259800K [0x0000000740b80000, 0x0000000752180000, 0x00000007c0000000)
  eden space 248320K, 100% used [0x0000000740b80000,0x000000074fe00000,0x000000074fe00000)
  from space 11776K, 97% used [0x0000000751600000,0x0000000752136070,0x0000000752180000)
  to   space 16384K, 60% used [0x0000000750180000,0x0000000750b22080,0x0000000751180000)
 ParOldGen       total 269312K, used 19285K [0x0000000642200000, 0x0000000652900000, 0x0000000740b80000)
  object space 269312K, 7% used [0x0000000642200000,0x00000006434d57d0,0x0000000652900000)
 Metaspace       used 44865K, capacity 47418K, committed 47448K, reserved 1091584K
  class space    used 5742K, capacity 6208K, committed 6232K, reserved 1048576K
GC Heap History (10 events):
Event: 4.265 GC heap after
Heap after GC invocations=8 (full 2):
 PSYoungGen      total 207872K, used 0K [0x0000000740b80000, 0x000000074f280000, 0x00000007c0000000)
  eden space 194560K, 0% used [0x0000000740b80000,0x0000000740b80000,0x000000074c980000)
  from space 13312K, 0% used [0x000000074d980000,0x000000074d980000,0x000000074e680000)
  to   space 16384K, 0% used [0x000000074c980000,0x000000074c980000,0x000000074d980000)
 ParOldGen       total 269312K, used 19245K [0x0000000642200000, 0x0000000652900000, 0x0000000740b80000)
  object space 269312K, 7% used [0x0000000642200000,0x00000006434cb7d0,0x0000000652900000)
 Metaspace       used 33604K, capacity 35272K, committed 35416K, reserved 1079296K
  class space    used 4324K, capacity 4632K, committed 4696K, reserved 1048576K
}
Event: 7.555 GC heap before
{Heap before GC invocations=9 (full 2):
 PSYoungGen      total 207872K, used 194560K [0x0000000740b80000, 0x000000074f280000, 0x00000007c0000000)
  eden space 194560K, 100% used [0x0000000740b80000,0x000000074c980000,0x000000074c980000)
  from space 13312K, 0% used [0x000000074d980000,0x000000074d980000,0x000000074e680000)
  to   space 16384K, 0% used [0x000000074c980000,0x000000074c980000,0x000000074d980000)
 ParOldGen       total 269312K, used 19245K [0x0000000642200000, 0x0000000652900000, 0x0000000740b80000)
  object space 269312K, 7% used [0x0000000642200000,0x00000006434cb7d0,0x0000000652900000)
 Metaspace       used 40155K, capacity 42166K, committed 42328K, reserved 1085440K
  class space    used 5050K, capacity 5407K, committed 5464K, reserved 1048576K
Event: 7.563 GC heap after
Heap after GC invocations=9 (full 2):
 PSYoungGen      total 210944K, used 10909K [0x0000000740b80000, 0x0000000752d00000, 0x00000007c0000000)
  eden space 194560K, 0% used [0x0000000740b80000,0x0000000740b80000,0x000000074c980000)
  from space 16384K, 66% used [0x000000074c980000,0x000000074d4277e8,0x000000074d980000)
  to   space 16384K, 0% used [0x0000000751d00000,0x0000000751d00000,0x0000000752d00000)
 ParOldGen       total 269312K, used 19253K [0x0000000642200000, 0x0000000652900000, 0x0000000740b80000)
  object space 269312K, 7% used [0x0000000642200000,0x00000006434cd7d0,0x0000000652900000)
 Metaspace       used 40155K, capacity 42166K, committed 42328K, reserved 1085440K
  class space    used 5050K, capacity 5407K, committed 5464K, reserved 1048576K
}
Event: 8.664 GC heap before
{Heap before GC invocations=10 (full 2):
 PSYoungGen      total 210944K, used 205467K [0x0000000740b80000, 0x0000000752d00000, 0x00000007c0000000)
  eden space 194560K, 99% used [0x0000000740b80000,0x000000074c97f668,0x000000074c980000)
  from space 16384K, 66% used [0x000000074c980000,0x000000074d4277e8,0x000000074d980000)
  to   space 16384K, 0% used [0x0000000751d00000,0x0000000751d00000,0x0000000752d00000)
 ParOldGen       total 269312K, used 19253K [0x0000000642200000, 0x0000000652900000, 0x0000000740b80000)
  object space 269312K, 7% used [0x0000000642200000,0x00000006434cd7d0,0x0000000652900000)
 Metaspace       used 43962K, capacity 46402K, committed 46552K, reserved 1089536K
  class space    used 5631K, capacity 6048K, committed 6104K, reserved 1048576K
Event: 8.672 GC heap after
Heap after GC invocations=10 (full 2):
 PSYoungGen      total 274944K, used 11673K [0x0000000740b80000, 0x0000000752a80000, 0x00000007c0000000)
  eden space 261120K, 0% used [0x0000000740b80000,0x0000000740b80000,0x0000000750a80000)
  from space 13824K, 84% used [0x0000000751d00000,0x0000000752866540,0x0000000752a80000)
  to   space 16384K, 0% used [0x0000000750a80000,0x0000000750a80000,0x0000000751a80000)
 ParOldGen       total 269312K, used 19261K [0x0000000642200000, 0x0000000652900000, 0x0000000740b80000)
  object space 269312K, 7% used [0x0000000642200000,0x00000006434cf7d0,0x0000000652900000)
 Metaspace       used 43962K, capacity 46402K, committed 46552K, reserved 1089536K
  class space    used 5631K, capacity 6048K, committed 6104K, reserved 1048576K
}
Event: 499.672 GC heap before
{Heap before GC invocations=11 (full 2):
 PSYoungGen      total 274944K, used 272793K [0x0000000740b80000, 0x0000000752a80000, 0x00000007c0000000)
  eden space 261120K, 100% used [0x0000000740b80000,0x0000000750a80000,0x0000000750a80000)
  from space 13824K, 84% used [0x0000000751d00000,0x0000000752866540,0x0000000752a80000)
  to   space 16384K, 0% used [0x0000000750a80000,0x0000000750a80000,0x0000000751a80000)
 ParOldGen       total 269312K, used 19261K [0x0000000642200000, 0x0000000652900000, 0x0000000740b80000)
  object space 269312K, 7% used [0x0000000642200000,0x00000006434cf7d0,0x0000000652900000)
 Metaspace       used 44722K, capacity 47184K, committed 47448K, reserved 1091584K
  class space    used 5726K, capacity 6175K, committed 6232K, reserved 1048576K
Event: 499.681 GC heap after
Heap after GC invocations=11 (full 2):
 PSYoungGen      total 266240K, used 11485K [0x0000000740b80000, 0x0000000752400000, 0x00000007c0000000)
  eden space 254464K, 0% used [0x0000000740b80000,0x0000000740b80000,0x0000000750400000)
  from space 11776K, 97% used [0x0000000750a80000,0x00000007515b76c8,0x0000000751600000)
  to   space 14336K, 0% used [0x0000000751600000,0x0000000751600000,0x0000000752400000)
 ParOldGen       total 269312K, used 19269K [0x0000000642200000, 0x0000000652900000, 0x0000000740b80000)
  object space 269312K, 7% used [0x0000000642200000,0x00000006434d17d0,0x0000000652900000)
 Metaspace       used 44722K, capacity 47184K, committed 47448K, reserved 1091584K
  class space    used 5726K, capacity 6175K, committed 6232K, reserved 1048576K
}
Event: 1285.650 GC heap before
{Heap before GC invocations=12 (full 2):
 PSYoungGen      total 266240K, used 265949K [0x0000000740b80000, 0x0000000752400000, 0x00000007c0000000)
  eden space 254464K, 100% used [0x0000000740b80000,0x0000000750400000,0x0000000750400000)
  from space 11776K, 97% used [0x0000000750a80000,0x00000007515b76c8,0x0000000751600000)
  to   space 14336K, 0% used [0x0000000751600000,0x0000000751600000,0x0000000752400000)
 ParOldGen       total 269312K, used 19269K [0x0000000642200000, 0x0000000652900000, 0x0000000740b80000)
  object space 269312K, 7% used [0x0000000642200000,0x00000006434d17d0,0x0000000652900000)
 Metaspace       used 44749K, capacity 47322K, committed 47448K, reserved 1091584K
  class space    used 5729K, capacity 6176K, committed 6232K, reserved 1048576K
Event: 1285.658 GC heap after
Heap after GC invocations=12 (full 2):
 PSYoungGen      total 260096K, used 11480K [0x0000000740b80000, 0x0000000752180000, 0x00000007c0000000)
  eden space 248320K, 0% used [0x0000000740b80000,0x0000000740b80000,0x000000074fe00000)
  from space 11776K, 97% used [0x0000000751600000,0x0000000752136070,0x0000000752180000)
  to   space 16384K, 0% used [0x0000000750180000,0x0000000750180000,0x0000000751180000)
 ParOldGen       total 269312K, used 19277K [0x0000000642200000, 0x0000000652900000, 0x0000000740b80000)
  object space 269312K, 7% used [0x0000000642200000,0x00000006434d37d0,0x0000000652900000)
 Metaspace       used 44749K, capacity 47322K, committed 47448K, reserved 1091584K
  class space    used 5729K, capacity 6176K, committed 6232K, reserved 1048576K
}
Event: 2076.858 GC heap before
{Heap before GC invocations=13 (full 2):
 PSYoungGen      total 260096K, used 259800K [0x0000000740b80000, 0x0000000752180000, 0x00000007c0000000)
  eden space 248320K, 100% used [0x0000000740b80000,0x000000074fe00000,0x000000074fe00000)
  from space 11776K, 97% used [0x0000000751600000,0x0000000752136070,0x0000000752180000)
  to   space 16384K, 0% used [0x0000000750180000,0x0000000750180000,0x0000000751180000)
 ParOldGen       total 269312K, used 19277K [0x0000000642200000, 0x0000000652900000, 0x0000000740b80000)
  object space 269312K, 7% used [0x0000000642200000,0x00000006434d37d0,0x0000000652900000)
 Metaspace       used 44865K, capacity 47418K, committed 47448K, reserved 1091584K
  class space    used 5742K, capacity 6208K, committed 6232K, reserved 1048576K

